2025-05-10 16:09:09,551 - sentence_transformers.SentenceTransformer - INFO - Load pretrained SentenceTransformer: sentence-transformers/all-MiniLM-L6-v2
2025-05-10 16:09:39,366 - huggingface_hub.file_download - WARNING - Xet Storage is enabled for this repo, but the 'hf_xet' package is not installed. Falling back to regular HTTP download. For better performance, install the package with: `pip install huggingface_hub[hf_xet]` or `pip install hf_xet`
2025-05-10 16:10:44,496 - sentence_transformers.SentenceTransformer - INFO - 2 prompts are loaded, with the keys: ['query', 'text']
2025-05-10 16:14:44,439 - sentence_transformers.SentenceTransformer - INFO - Load pretrained SentenceTransformer: sentence-transformers/all-MiniLM-L6-v2
2025-05-10 16:14:51,975 - sentence_transformers.SentenceTransformer - INFO - 2 prompts are loaded, with the keys: ['query', 'text']
2025-05-10 16:24:33,867 - sentence_transformers.SentenceTransformer - INFO - Load pretrained SentenceTransformer: sentence-transformers/all-MiniLM-L6-v2
2025-05-10 16:24:42,738 - sentence_transformers.SentenceTransformer - INFO - 2 prompts are loaded, with the keys: ['query', 'text']
2025-05-10 16:25:56,302 - sentence_transformers.SentenceTransformer - INFO - Load pretrained SentenceTransformer: sentence-transformers/all-MiniLM-L6-v2
2025-05-10 16:26:05,855 - sentence_transformers.SentenceTransformer - INFO - 2 prompts are loaded, with the keys: ['query', 'text']
2025-05-10 16:32:38,874 - sentence_transformers.SentenceTransformer - INFO - Load pretrained SentenceTransformer: sentence-transformers/all-MiniLM-L6-v2
2025-05-10 16:32:45,931 - sentence_transformers.SentenceTransformer - INFO - 2 prompts are loaded, with the keys: ['query', 'text']
2025-05-10 16:33:48,205 - sentence_transformers.SentenceTransformer - INFO - Load pretrained SentenceTransformer: sentence-transformers/all-MiniLM-L6-v2
2025-05-10 16:33:55,520 - sentence_transformers.SentenceTransformer - INFO - 2 prompts are loaded, with the keys: ['query', 'text']
2025-05-10 16:37:29,911 - sentence_transformers.SentenceTransformer - INFO - Load pretrained SentenceTransformer: sentence-transformers/all-MiniLM-L6-v2
2025-05-10 16:37:38,607 - sentence_transformers.SentenceTransformer - INFO - 2 prompts are loaded, with the keys: ['query', 'text']
2025-05-10 16:40:51,649 - sentence_transformers.SentenceTransformer - INFO - Load pretrained SentenceTransformer: sentence-transformers/all-MiniLM-L6-v2
2025-05-10 16:40:58,839 - sentence_transformers.SentenceTransformer - INFO - 2 prompts are loaded, with the keys: ['query', 'text']
2025-05-10 16:42:35,782 - sentence_transformers.SentenceTransformer - INFO - Load pretrained SentenceTransformer: sentence-transformers/all-MiniLM-L6-v2
2025-05-10 16:42:43,886 - sentence_transformers.SentenceTransformer - INFO - 2 prompts are loaded, with the keys: ['query', 'text']
2025-05-10 17:04:23,388 - sentence_transformers.SentenceTransformer - INFO - Load pretrained SentenceTransformer: sentence-transformers/all-MiniLM-L6-v2
2025-05-10 17:04:56,797 - sentence_transformers.SentenceTransformer - INFO - 2 prompts are loaded, with the keys: ['query', 'text']
2025-05-10 19:48:15,122 - sentence_transformers.SentenceTransformer - INFO - Load pretrained SentenceTransformer: sentence-transformers/all-MiniLM-L6-v2
2025-05-10 19:48:23,665 - sentence_transformers.SentenceTransformer - INFO - 2 prompts are loaded, with the keys: ['query', 'text']
2025-05-11 10:19:07,440 - sentence_transformers.SentenceTransformer - INFO - Load pretrained SentenceTransformer: google/flan-t5-base
2025-05-11 10:19:08,505 - sentence_transformers.SentenceTransformer - WARNING - No sentence-transformers model found with name google/flan-t5-base. Creating a new one with MEAN pooling.
2025-05-11 10:22:31,600 - sentence_transformers.SentenceTransformer - INFO - Load pretrained SentenceTransformer: google/flan-t5-base
2025-05-11 10:22:32,536 - sentence_transformers.SentenceTransformer - WARNING - No sentence-transformers model found with name google/flan-t5-base. Creating a new one with MEAN pooling.
2025-05-11 10:23:37,409 - sentence_transformers.SentenceTransformer - INFO - Load pretrained SentenceTransformer: google/flan-t5-base
2025-05-11 10:23:38,187 - sentence_transformers.SentenceTransformer - WARNING - No sentence-transformers model found with name google/flan-t5-base. Creating a new one with MEAN pooling.
2025-05-11 10:26:33,735 - sentence_transformers.SentenceTransformer - INFO - Load pretrained SentenceTransformer: google/flan-t5-base
2025-05-11 10:26:34,341 - sentence_transformers.SentenceTransformer - WARNING - No sentence-transformers model found with name google/flan-t5-base. Creating a new one with MEAN pooling.
2025-05-11 10:28:11,505 - sentence_transformers.SentenceTransformer - INFO - Load pretrained SentenceTransformer: google/flan-t5-base
2025-05-11 10:28:11,939 - sentence_transformers.SentenceTransformer - WARNING - No sentence-transformers model found with name google/flan-t5-base. Creating a new one with MEAN pooling.
2025-05-11 10:29:19,402 - sentence_transformers.SentenceTransformer - INFO - Load pretrained SentenceTransformer: google/flan-t5-base
2025-05-11 10:29:21,376 - sentence_transformers.SentenceTransformer - WARNING - No sentence-transformers model found with name google/flan-t5-base. Creating a new one with MEAN pooling.
2025-05-11 10:31:26,869 - sentence_transformers.SentenceTransformer - INFO - Load pretrained SentenceTransformer: google/flan-t5-base
2025-05-11 10:31:38,055 - sentence_transformers.SentenceTransformer - WARNING - No sentence-transformers model found with name google/flan-t5-base. Creating a new one with MEAN pooling.
2025-05-11 10:33:07,360 - sentence_transformers.SentenceTransformer - INFO - Load pretrained SentenceTransformer: google/flan-t5-base
2025-05-11 10:33:07,954 - sentence_transformers.SentenceTransformer - WARNING - No sentence-transformers model found with name google/flan-t5-base. Creating a new one with MEAN pooling.
2025-05-11 10:44:24,829 - sentence_transformers.SentenceTransformer - INFO - Load pretrained SentenceTransformer: google/flan-t5-base
2025-05-11 10:44:25,519 - sentence_transformers.SentenceTransformer - WARNING - No sentence-transformers model found with name google/flan-t5-base. Creating a new one with MEAN pooling.
2025-05-11 10:45:40,303 - sentence_transformers.SentenceTransformer - INFO - Load pretrained SentenceTransformer: google/flan-t5-base
2025-05-11 10:45:40,884 - sentence_transformers.SentenceTransformer - WARNING - No sentence-transformers model found with name google/flan-t5-base. Creating a new one with MEAN pooling.
2025-05-11 11:10:38,815 - sentence_transformers.SentenceTransformer - INFO - Load pretrained SentenceTransformer: google/flan-t5-base
2025-05-11 11:10:39,113 - sentence_transformers.SentenceTransformer - WARNING - No sentence-transformers model found with name google/flan-t5-base. Creating a new one with MEAN pooling.
2025-05-11 11:11:03,881 - huggingface_hub.file_download - WARNING - Xet Storage is enabled for this repo, but the 'hf_xet' package is not installed. Falling back to regular HTTP download. For better performance, install the package with: `pip install huggingface_hub[hf_xet]` or `pip install hf_xet`
2025-05-11 11:18:00,655 - huggingface_hub.file_download - WARNING - Xet Storage is enabled for this repo, but the 'hf_xet' package is not installed. Falling back to regular HTTP download. For better performance, install the package with: `pip install huggingface_hub[hf_xet]` or `pip install hf_xet`
2025-05-11 11:18:04,787 - sentence_transformers.SentenceTransformer - INFO - 2 prompts are loaded, with the keys: ['query', 'text']
2025-05-11 11:20:40,671 - sentence_transformers.SentenceTransformer - INFO - Load pretrained SentenceTransformer: google/flan-t5-base
2025-05-11 11:20:40,996 - sentence_transformers.SentenceTransformer - WARNING - No sentence-transformers model found with name google/flan-t5-base. Creating a new one with MEAN pooling.
2025-05-11 11:20:46,661 - sentence_transformers.SentenceTransformer - INFO - 2 prompts are loaded, with the keys: ['query', 'text']
2025-05-11 11:21:49,504 - sentence_transformers.SentenceTransformer - INFO - Load pretrained SentenceTransformer: google/flan-t5-base
2025-05-11 11:21:49,798 - sentence_transformers.SentenceTransformer - WARNING - No sentence-transformers model found with name google/flan-t5-base. Creating a new one with MEAN pooling.
2025-05-11 11:21:54,875 - sentence_transformers.SentenceTransformer - INFO - 2 prompts are loaded, with the keys: ['query', 'text']
2025-05-11 11:26:18,401 - sentence_transformers.SentenceTransformer - INFO - Load pretrained SentenceTransformer: google/flan-t5-base
2025-05-11 11:26:18,694 - sentence_transformers.SentenceTransformer - WARNING - No sentence-transformers model found with name google/flan-t5-base. Creating a new one with MEAN pooling.
2025-05-11 11:26:24,713 - sentence_transformers.SentenceTransformer - INFO - 2 prompts are loaded, with the keys: ['query', 'text']
2025-05-11 11:26:26,317 - huggingface_hub.file_download - WARNING - Xet Storage is enabled for this repo, but the 'hf_xet' package is not installed. Falling back to regular HTTP download. For better performance, install the package with: `pip install huggingface_hub[hf_xet]` or `pip install hf_xet`
2025-05-11 11:33:15,428 - huggingface_hub.file_download - WARNING - Xet Storage is enabled for this repo, but the 'hf_xet' package is not installed. Falling back to regular HTTP download. For better performance, install the package with: `pip install huggingface_hub[hf_xet]` or `pip install hf_xet`
2025-05-11 11:45:06,183 - sentence_transformers.SentenceTransformer - INFO - Load pretrained SentenceTransformer: google/flan-t5-base
2025-05-11 11:45:06,530 - sentence_transformers.SentenceTransformer - WARNING - No sentence-transformers model found with name google/flan-t5-base. Creating a new one with MEAN pooling.
2025-05-11 11:45:12,174 - sentence_transformers.SentenceTransformer - INFO - 2 prompts are loaded, with the keys: ['query', 'text']
2025-05-11 11:47:43,418 - sentence_transformers.SentenceTransformer - INFO - Load pretrained SentenceTransformer: google/flan-t5-base
2025-05-11 11:47:43,703 - sentence_transformers.SentenceTransformer - WARNING - No sentence-transformers model found with name google/flan-t5-base. Creating a new one with MEAN pooling.
2025-05-11 11:47:48,120 - sentence_transformers.SentenceTransformer - INFO - 2 prompts are loaded, with the keys: ['query', 'text']
2025-05-11 11:47:50,787 - __main__ - INFO - No data found, performing initial scraping
2025-05-11 11:47:50,788 - __main__ - INFO - Starting scheduled news scraping
2025-05-11 11:47:51,204 - werkzeug - INFO - [31m[1mWARNING: This is a development server. Do not use it in a production deployment. Use a production WSGI server instead.[0m
 * Running on all addresses (0.0.0.0)
 * Running on http://127.0.0.1:5000
 * Running on http://192.168.1.11:5000
2025-05-11 11:47:51,205 - werkzeug - INFO - [33mPress CTRL+C to quit[0m
2025-05-11 11:47:51,221 - werkzeug - INFO -  * Restarting with stat
2025-05-11 11:48:06,433 - sentence_transformers.SentenceTransformer - INFO - Load pretrained SentenceTransformer: google/flan-t5-base
2025-05-11 11:48:07,164 - sentence_transformers.SentenceTransformer - WARNING - No sentence-transformers model found with name google/flan-t5-base. Creating a new one with MEAN pooling.
2025-05-11 11:48:12,172 - __main__ - INFO - Scraped 10 articles, updating index
2025-05-11 11:48:12,174 - __main__ - ERROR - Error in scheduled scraping: FaissVectorStore.__init__() missing 1 required positional argument: 'faiss_index'
2025-05-11 11:48:13,240 - sentence_transformers.SentenceTransformer - INFO - 2 prompts are loaded, with the keys: ['query', 'text']
2025-05-11 11:48:16,570 - __main__ - INFO - Loading existing news articles
2025-05-11 11:48:16,606 - werkzeug - WARNING -  * Debugger is active!
2025-05-11 11:48:16,639 - werkzeug - INFO -  * Debugger PIN: 524-350-578
2025-05-11 11:49:08,346 - werkzeug - INFO - 127.0.0.1 - - [11/May/2025 11:49:08] "GET / HTTP/1.1" 200 -
2025-05-11 11:49:08,631 - werkzeug - INFO - 127.0.0.1 - - [11/May/2025 11:49:08] "[33mGET /favicon.ico HTTP/1.1[0m" 404 -
2025-05-11 11:49:11,959 - werkzeug - INFO - 127.0.0.1 - - [11/May/2025 11:49:11] "GET / HTTP/1.1" 200 -
2025-05-11 11:49:13,186 - werkzeug - INFO - 127.0.0.1 - - [11/May/2025 11:49:13] "GET / HTTP/1.1" 200 -
2025-05-11 11:49:14,093 - werkzeug - INFO - 127.0.0.1 - - [11/May/2025 11:49:14] "GET / HTTP/1.1" 200 -
2025-05-11 11:49:26,813 - werkzeug - INFO - 192.168.1.11 - - [11/May/2025 11:49:26] "GET / HTTP/1.1" 200 -
2025-05-11 11:49:26,953 - werkzeug - INFO - 192.168.1.11 - - [11/May/2025 11:49:26] "[33mGET /favicon.ico HTTP/1.1[0m" 404 -
2025-05-11 11:49:29,555 - werkzeug - INFO - 192.168.1.11 - - [11/May/2025 11:49:29] "GET / HTTP/1.1" 200 -
2025-05-11 11:50:27,914 - werkzeug - INFO - 192.168.1.11 - - [11/May/2025 11:50:27] "GET / HTTP/1.1" 200 -
2025-05-11 11:56:48,166 - werkzeug - INFO -  * Detected change in 'C:\\Users\\kumbh\\Flask\\Cluda_news_bot\\RAG_Chatbot_News\\rag_system.py', reloading
2025-05-11 11:56:50,622 - werkzeug - INFO -  * Restarting with stat
2025-05-11 11:57:06,671 - sentence_transformers.SentenceTransformer - INFO - Load pretrained SentenceTransformer: google/flan-t5-base
2025-05-11 11:57:06,995 - sentence_transformers.SentenceTransformer - WARNING - No sentence-transformers model found with name google/flan-t5-base. Creating a new one with MEAN pooling.
2025-05-11 11:57:12,325 - sentence_transformers.SentenceTransformer - INFO - 2 prompts are loaded, with the keys: ['query', 'text']
2025-05-11 11:57:16,020 - __main__ - INFO - Loading existing news articles
2025-05-11 11:57:16,061 - werkzeug - WARNING -  * Debugger is active!
2025-05-11 11:57:16,080 - werkzeug - INFO -  * Debugger PIN: 524-350-578
2025-05-11 11:58:47,647 - werkzeug - INFO -  * Detected change in 'C:\\Users\\kumbh\\Flask\\Cluda_news_bot\\RAG_Chatbot_News\\rag_system.py', reloading
2025-05-11 11:58:49,475 - werkzeug - INFO -  * Restarting with stat
2025-05-11 11:59:37,615 - sentence_transformers.SentenceTransformer - INFO - Load pretrained SentenceTransformer: google/flan-t5-base
2025-05-11 11:59:37,910 - sentence_transformers.SentenceTransformer - WARNING - No sentence-transformers model found with name google/flan-t5-base. Creating a new one with MEAN pooling.
2025-05-11 11:59:42,501 - sentence_transformers.SentenceTransformer - INFO - 2 prompts are loaded, with the keys: ['query', 'text']
2025-05-11 11:59:45,477 - __main__ - INFO - Loading existing news articles
2025-05-11 11:59:45,784 - werkzeug - INFO - [31m[1mWARNING: This is a development server. Do not use it in a production deployment. Use a production WSGI server instead.[0m
 * Running on all addresses (0.0.0.0)
 * Running on http://127.0.0.1:5000
 * Running on http://192.168.1.11:5000
2025-05-11 11:59:45,784 - werkzeug - INFO - [33mPress CTRL+C to quit[0m
2025-05-11 11:59:45,793 - werkzeug - INFO -  * Restarting with stat
2025-05-11 12:00:05,510 - sentence_transformers.SentenceTransformer - INFO - Load pretrained SentenceTransformer: google/flan-t5-base
2025-05-11 12:00:05,794 - sentence_transformers.SentenceTransformer - WARNING - No sentence-transformers model found with name google/flan-t5-base. Creating a new one with MEAN pooling.
2025-05-11 12:00:14,089 - sentence_transformers.SentenceTransformer - INFO - 2 prompts are loaded, with the keys: ['query', 'text']
2025-05-11 12:00:18,810 - __main__ - INFO - Loading existing news articles
2025-05-11 12:00:18,906 - werkzeug - WARNING -  * Debugger is active!
2025-05-11 12:00:19,030 - werkzeug - INFO -  * Debugger PIN: 524-350-578
2025-05-11 12:00:22,688 - werkzeug - INFO - 192.168.1.11 - - [11/May/2025 12:00:22] "GET / HTTP/1.1" 200 -
2025-05-11 12:10:12,166 - sentence_transformers.SentenceTransformer - INFO - Load pretrained SentenceTransformer: google/flan-t5-base
2025-05-11 12:10:12,901 - sentence_transformers.SentenceTransformer - WARNING - No sentence-transformers model found with name google/flan-t5-base. Creating a new one with MEAN pooling.
2025-05-11 12:10:17,718 - sentence_transformers.SentenceTransformer - INFO - 2 prompts are loaded, with the keys: ['query', 'text']
2025-05-11 12:10:21,286 - __main__ - INFO - Loading existing news articles
2025-05-11 12:10:21,634 - werkzeug - INFO - [31m[1mWARNING: This is a development server. Do not use it in a production deployment. Use a production WSGI server instead.[0m
 * Running on all addresses (0.0.0.0)
 * Running on http://127.0.0.1:5000
 * Running on http://192.168.1.11:5000
2025-05-11 12:10:21,635 - werkzeug - INFO - [33mPress CTRL+C to quit[0m
2025-05-11 12:10:21,639 - werkzeug - INFO -  * Restarting with stat
2025-05-11 12:10:43,268 - sentence_transformers.SentenceTransformer - INFO - Load pretrained SentenceTransformer: google/flan-t5-base
2025-05-11 12:10:43,572 - sentence_transformers.SentenceTransformer - WARNING - No sentence-transformers model found with name google/flan-t5-base. Creating a new one with MEAN pooling.
2025-05-11 12:10:52,328 - sentence_transformers.SentenceTransformer - INFO - 2 prompts are loaded, with the keys: ['query', 'text']
2025-05-11 12:10:57,012 - __main__ - INFO - Loading existing news articles
2025-05-11 12:10:57,122 - werkzeug - WARNING -  * Debugger is active!
2025-05-11 12:10:57,225 - werkzeug - INFO -  * Debugger PIN: 524-350-578
2025-05-11 12:45:50,891 - werkzeug - INFO - 192.168.1.11 - - [11/May/2025 12:45:50] "GET / HTTP/1.1" 200 -
2025-05-11 14:57:52,466 - sentence_transformers.SentenceTransformer - INFO - Load pretrained SentenceTransformer: google/flan-t5-base
2025-05-11 14:57:53,293 - sentence_transformers.SentenceTransformer - WARNING - No sentence-transformers model found with name google/flan-t5-base. Creating a new one with MEAN pooling.
2025-05-11 14:58:31,664 - sentence_transformers.SentenceTransformer - INFO - 2 prompts are loaded, with the keys: ['query', 'text']
2025-05-11 14:58:47,081 - root - INFO - Loading llama_index.vector_stores.faiss.base from ./news_index/faiss_index\default__vector_store.json.
2025-05-11 15:07:26,450 - sentence_transformers.SentenceTransformer - INFO - Load pretrained SentenceTransformer: google/flan-t5-base
2025-05-11 15:07:26,773 - sentence_transformers.SentenceTransformer - WARNING - No sentence-transformers model found with name google/flan-t5-base. Creating a new one with MEAN pooling.
2025-05-11 15:07:35,484 - sentence_transformers.SentenceTransformer - INFO - 2 prompts are loaded, with the keys: ['query', 'text']
2025-05-11 15:07:41,312 - root - INFO - Loading llama_index.vector_stores.faiss.base from ./news_index/faiss_index\default__vector_store.json.
2025-05-11 15:09:27,142 - sentence_transformers.SentenceTransformer - INFO - Load pretrained SentenceTransformer: google/flan-t5-base
2025-05-11 15:09:27,461 - sentence_transformers.SentenceTransformer - WARNING - No sentence-transformers model found with name google/flan-t5-base. Creating a new one with MEAN pooling.
2025-05-11 15:09:35,091 - sentence_transformers.SentenceTransformer - INFO - 2 prompts are loaded, with the keys: ['query', 'text']
2025-05-11 15:09:40,176 - root - INFO - Loading llama_index.vector_stores.faiss.base from ./news_index/faiss_index\default__vector_store.json.
2025-05-11 15:09:40,179 - llama_index.core.indices.loading - INFO - Loading all indices.
2025-05-11 15:09:40,186 - __main__ - INFO - Loading existing news articles
2025-05-11 15:09:41,050 - werkzeug - INFO - [31m[1mWARNING: This is a development server. Do not use it in a production deployment. Use a production WSGI server instead.[0m
 * Running on all addresses (0.0.0.0)
 * Running on http://127.0.0.1:5000
 * Running on http://192.168.1.11:5000
2025-05-11 15:09:41,052 - werkzeug - INFO - [33mPress CTRL+C to quit[0m
2025-05-11 15:09:41,088 - werkzeug - INFO -  * Restarting with stat
2025-05-11 15:10:09,808 - sentence_transformers.SentenceTransformer - INFO - Load pretrained SentenceTransformer: google/flan-t5-base
2025-05-11 15:10:10,161 - sentence_transformers.SentenceTransformer - WARNING - No sentence-transformers model found with name google/flan-t5-base. Creating a new one with MEAN pooling.
2025-05-11 15:10:20,879 - sentence_transformers.SentenceTransformer - INFO - 2 prompts are loaded, with the keys: ['query', 'text']
2025-05-11 15:10:26,777 - root - INFO - Loading llama_index.vector_stores.faiss.base from ./news_index/faiss_index\default__vector_store.json.
2025-05-11 15:10:26,785 - llama_index.core.indices.loading - INFO - Loading all indices.
2025-05-11 15:10:26,801 - __main__ - INFO - Loading existing news articles
2025-05-11 15:10:26,892 - werkzeug - WARNING -  * Debugger is active!
2025-05-11 15:10:27,034 - werkzeug - INFO -  * Debugger PIN: 114-708-505
2025-05-11 15:11:53,577 - werkzeug - INFO - 127.0.0.1 - - [11/May/2025 15:11:53] "GET / HTTP/1.1" 200 -
2025-05-11 15:11:53,789 - werkzeug - INFO - 127.0.0.1 - - [11/May/2025 15:11:53] "[33mGET /favicon.ico HTTP/1.1[0m" 404 -
2025-05-11 15:11:57,888 - werkzeug - INFO - 127.0.0.1 - - [11/May/2025 15:11:57] "GET / HTTP/1.1" 200 -
2025-05-11 15:15:41,302 - werkzeug - INFO - 127.0.0.1 - - [11/May/2025 15:15:41] "GET / HTTP/1.1" 200 -
2025-05-11 15:15:42,270 - werkzeug - INFO - 127.0.0.1 - - [11/May/2025 15:15:42] "GET / HTTP/1.1" 200 -
